<?xml version="1.0" encoding="UTF-8"?>
<testng-results skipped="0" failed="0" ignored="0" total="3" passed="3">
  <reporter-output>
  </reporter-output>
  <suite name="Default suite" duration-ms="12310" started-at="2020-07-30T13:29:00Z" finished-at="2020-07-30T13:29:12Z">
    <groups>
    </groups>
    <test name="Default test" duration-ms="12310" started-at="2020-07-30T13:29:00Z" finished-at="2020-07-30T13:29:12Z">
      <class name="com.test.scenarios.Demo">
        <test-method status="PASS" signature="amazonTest()[pri:0, instance:com.test.scenarios.Demo@224edc67]" name="amazonTest" duration-ms="10669" started-at="2020-07-30T13:29:00Z" finished-at="2020-07-30T13:29:10Z">
          <reporter-output>
          </reporter-output>
        </test-method> <!-- amazonTest -->
        <test-method status="PASS" signature="dispay()[pri:0, instance:com.test.scenarios.Demo@224edc67]" name="dispay" duration-ms="1" started-at="2020-07-30T13:29:10Z" finished-at="2020-07-30T13:29:10Z">
          <reporter-output>
          </reporter-output>
        </test-method> <!-- dispay -->
        <test-method status="PASS" signature="googleSearch()[pri:0, instance:com.test.scenarios.Demo@224edc67]" name="googleSearch" duration-ms="1509" started-at="2020-07-30T13:29:10Z" description="launch google and search" finished-at="2020-07-30T13:29:12Z">
          <reporter-output>
          </reporter-output>
        </test-method> <!-- googleSearch -->
        <test-method status="PASS" signature="tearDown()[pri:0, instance:com.test.scenarios.Demo@224edc67]" name="tearDown" is-config="true" duration-ms="109" started-at="2020-07-30T13:29:12Z" finished-at="2020-07-30T13:29:12Z">
          <reporter-output>
          </reporter-output>
        </test-method> <!-- tearDown -->
      </class> <!-- com.test.scenarios.Demo -->
    </test> <!-- Default test -->
  </suite> <!-- Default suite -->
</testng-results>
