<?xml version="1.0" encoding="UTF-8"?>
<!-- Generated by org.testng.reporters.JUnitXMLReporter -->
<testsuite hostname="MHYD9C89A858" ignored="0" name="Default test" tests="3" failures="0" timestamp="30 Jul 2020 13:29:12 GMT" time="12.31" errors="0">
  <testcase name="amazonTest" time="10.669" classname="com.test.scenarios.Demo"/>
  <testcase name="dispay" time="0.001" classname="com.test.scenarios.Demo"/>
  <testcase name="googleSearch" time="1.509" classname="com.test.scenarios.Demo"/>
</testsuite> <!-- Default test -->
